{"numFailedTestSuites":0,"numFailedTests":0,"numPassedTestSuites":5,"numPassedTests":144,"numPendingTestSuites":0,"numPendingTests":0,"numRuntimeErrorTestSuites":0,"numTodoTests":0,"numTotalTestSuites":5,"numTotalTests":144,"openHandles":[],"snapshot":{"added":0,"didUpdate":false,"failure":false,"filesAdded":0,"filesRemoved":0,"filesRemovedList":[],"filesUnmatched":0,"filesUpdated":0,"matched":0,"total":0,"unchecked":0,"uncheckedKeysByFile":[],"unmatched":0,"updated":0},"startTime":1784459242960,"success":true,"testResults":[{"assertionResults":[{"ancestorTitles":["认证模块 - POST /api/auth/register"],"duration":195,"failing":false,"failureDetails":[],"failureMessages":[],"fullName":"认证模块 - POST /api/auth/register U-001 应成功注册新用户，返回 token 和用户信息","invocations":1,"location":null,"numPassingAsserts":7,"retryReasons":[],"startAt":1784459243671,"status":"passed","title":"U-001 应成功注册新用户，返回 token 和用户信息"},{"ancestorTitles":["认证模块 - POST /api/auth/register"],"duration":37,"failing":false,"failureDetails":[],"failureMessages":[],"fullName":"认证模块 - POST /api/auth/register U-001 缺少用户名应返回 500 错误","invocations":1,"location":null,"numPassingAsserts":2,"retryReasons":[],"startAt":1784459243867,"status":"passed","title":"U-001 缺少用户名应返回 500 错误"},{"ancestorTitles":["认证模块 - POST /api/auth/register"],"duration":195,"failing":false,"failureDetails":[],"failureMessages":[],"fullName":"认证模块 - POST /api/auth/register U-001 重复用户名应返回 400 错误","invocations":1,"location":null,"numPassingAsserts":3,"retryReasons":[],"startAt":1784459243905,"status":"passed","title":"U-001 重复用户名应返回 400 错误"},{"ancestorTitles":["认证模块 - POST /api/auth/register"],"duration":182,"failing":false,"failureDetails":[],"failureMessages":[],"fullName":"认证模块 - POST /api/auth/register U-001 重复邮箱应返回 400 错误","invocations":1,"location":null,"numPassingAsserts":2,"retryReasons":[],"startAt":1784459244100,"status":"passed","title":"U-001 重复邮箱应返回 400 错误"},{"ancestorTitles":["认证模块 - POST /api/auth/login"],"duration":264,"failing":false,"failureDetails":[],"failureMessages":[],"fullName":"认证模块 - POST /api/auth/login U-002 正确用户名密码应登录成功并返回 token","invocations":1,"location":null,"numPassingAsserts":4,"retryReasons":[],"startAt":1784459244282,"status":"passed","title":"U-002 正确用户名密码应登录成功并返回 token"},{"ancestorTitles":["认证模块 - POST /api/auth/login"],"duration":259,"failing":false,"failureDetails":[],"failureMessages":[],"fullName":"认证模块 - POST /api/auth/login U-002 密码错误应返回 401","invocations":1,"location":null,"numPassingAsserts":3,"retryReasons":[],"startAt":1784459244546,"status":"passed","title":"U-002 密码错误应返回 401"},{"ancestorTitles":["认证模块 - POST /api/auth/login"],"duration":179,"failing":false,"failureDetails":[],"failureMessages":[],"fullName":"认证模块 - POST /api/auth/login U-002 不存在的用户应返回 401","invocations":1,"location":null,"numPassingAsserts":2,"retryReasons":[],"startAt":1784459244806,"status":"passed","title":"U-002 不存在的用户应返回 401"},{"ancestorTitles":["认证模块 - GET /api/auth/profile"],"duration":182,"failing":false,"failureDetails":[],"failureMessages":[],"fullName":"认证模块 - GET /api/auth/profile U-005 携带有效 token 应返回当前用户信息","invocations":1,"location":null,"numPassingAsserts":4,"retryReasons":[],"startAt":1784459244985,"status":"passed","title":"U-005 携带有效 token 应返回当前用户信息"},{"ancestorTitles":["认证模块 - GET /api/auth/profile"],"duration":5,"failing":false,"failureDetails":[],"failureMessages":[],"fullName":"认证模块 - GET /api/auth/profile U-004 未携带 token 应返回 401","invocations":1,"location":null,"numPassingAsserts":3,"retryReasons":[],"startAt":1784459245167,"status":"passed","title":"U-004 未携带 token 应返回 401"},{"ancestorTitles":["认证模块 - GET /api/auth/profile"],"duration":5,"failing":false,"failureDetails":[],"failureMessages":[],"fullName":"认证模块 - GET /api/auth/profile U-004 携带无效 token 应返回 401","invocations":1,"location":null,"numPassingAsserts":2,"retryReasons":[],"startAt":1784459245173,"status":"passed","title":"U-004 携带无效 token 应返回 401"},{"ancestorTitles":["认证模块 - GET /api/auth/profile"],"duration":5,"failing":false,"failureDetails":[],"failureMessages":[],"fullName":"认证模块 - GET /api/auth/profile U-004 token 格式错误（非 Bearer）应返回 401","invocations":1,"location":null,"numPassingAsserts":2,"retryReasons":[],"startAt":1784459245178,"status":"passed","title":"U-004 token 格式错误（非 Bearer）应返回 401"},{"ancestorTitles":["基础设施 - 健康检查与 404"],"duration":5,"failing":false,"failureDetails":[],"failureMessages":[],"fullName":"基础设施 - 健康检查与 404 GET /health 应返回服务状态","invocations":1,"location":null,"numPassingAsserts":4,"retryReasons":[],"startAt":1784459245183,"status":"passed","title":"GET /health 应返回服务状态"},{"ancestorTitles":["基础设施 - 健康检查与 404"],"duration":6,"failing":false,"failureDetails":[],"failureMessages":[],"fullName":"基础设施 - 健康检查与 404 GET 不存在的路由应返回 404","invocations":1,"location":null,"numPassingAsserts":2,"retryReasons":[],"startAt":1784459245188,"status":"passed","title":"GET 不存在的路由应返回 404"},{"ancestorTitles":["U-006 角色权限 - POST /api/auth/register 角色校验"],"duration":90,"failing":false,"failureDetails":[],"failureMessages":[],"fullName":"U-006 角色权限 - POST /api/auth/register 角色校验 U-006 未指定 role 时应默认 editor","invocations":1,"location":null,"numPassingAsserts":2,"retryReasons":[],"startAt":1784459245194,"status":"passed","title":"U-006 未指定 role 时应默认 editor"},{"ancestorTitles":["U-006 角色权限 - POST /api/auth/register 角色校验"],"duration":91,"failing":false,"failureDetails":[],"failureMessages":[],"fullName":"U-006 角色权限 - POST /api/auth/register 角色校验 U-006 允许自选 analyst 角色","invocations":1,"location":null,"numPassingAsserts":2,"retryReasons":[],"startAt":1784459245284,"status":"passed","title":"U-006 允许自选 analyst 角色"},{"ancestorTitles":["U-006 角色权限 - POST /api/auth/register 角色校验"],"duration":92,"failing":false,"failureDetails":[],"failureMessages":[],"fullName":"U-006 角色权限 - POST /api/auth/register 角色校验 U-006 允许自选 editor 角色","invocations":1,"location":null,"numPassingAsserts":2,"retryReasons":[],"startAt":1784459245375,"status":"passed","title":"U-006 允许自选 editor 角色"},{"ancestorTitles":["U-006 角色权限 - POST /api/auth/register 角色校验"],"duration":7,"failing":false,"failureDetails":[],"failureMessages":[],"fullName":"U-006 角色权限 - POST /api/auth/register 角色校验 U-006 禁止自选 admin 角色（应返回 400）","invocations":1,"location":null,"numPassingAsserts":3,"retryReasons":[],"startAt":1784459245467,"status":"passed","title":"U-006 禁止自选 admin 角色（应返回 400）"},{"ancestorTitles":["U-006 角色权限 - POST /api/auth/register 角色校验"],"duration":6,"failing":false,"failureDetails":[],"failureMessages":[],"fullName":"U-006 角色权限 - POST /api/auth/register 角色校验 U-006 拒绝非法 role 值","invocations":1,"location":null,"numPassingAsserts":2,"retryReasons":[],"startAt":1784459245474,"status":"passed","title":"U-006 拒绝非法 role 值"},{"ancestorTitles":["U-006 角色权限 - analyst 只读场景"],"duration":183,"failing":false,"failureDetails":[],"failureMessages":[],"fullName":"U-006 角色权限 - analyst 只读场景 U-006 analyst 可查看问卷列表","invocations":1,"location":null,"numPassingAsserts":2,"retryReasons":[],"startAt":1784459245481,"status":"passed","title":"U-006 analyst 可查看问卷列表"},{"ancestorTitles":["U-006 角色权限 - analyst 只读场景"],"duration":178,"failing":false,"failureDetails":[],"failureMessages":[],"fullName":"U-006 角色权限 - analyst 只读场景 U-006 analyst 不能创建问卷（应返回 403）","invocations":1,"location":null,"numPassingAsserts":3,"retryReasons":[],"startAt":1784459245664,"status":"passed","title":"U-006 analyst 不能创建问卷（应返回 403）"},{"ancestorTitles":["U-006 角色权限 - analyst 只读场景"],"duration":362,"failing":false,"failureDetails":[],"failureMessages":[],"fullName":"U-006 角色权限 - analyst 只读场景 U-006 analyst 不能发布问卷（应返回 403）","invocations":1,"location":null,"numPassingAsserts":1,"retryReasons":[],"startAt":1784459245842,"status":"passed","title":"U-006 analyst 不能发布问卷（应返回 403）"},{"ancestorTitles":["U-006 角色权限 - analyst 只读场景"],"duration":386,"failing":false,"failureDetails":[],"failureMessages":[],"fullName":"U-006 角色权限 - analyst 只读场景 U-006 analyst 不能删除问卷（应返回 403）","invocations":1,"location":null,"numPassingAsserts":1,"retryReasons":[],"startAt":1784459246204,"status":"passed","title":"U-006 analyst 不能删除问卷（应返回 403）"},{"ancestorTitles":["U-006 角色权限 - analyst 只读场景"],"duration":353,"failing":false,"failureDetails":[],"failureMessages":[],"fullName":"U-006 角色权限 - analyst 只读场景 U-006 analyst 不能编辑问卷（应返回 403）","invocations":1,"location":null,"numPassingAsserts":1,"retryReasons":[],"startAt":1784459246590,"status":"passed","title":"U-006 analyst 不能编辑问卷（应返回 403）"},{"ancestorTitles":["U-006 角色权限 - editor 数据查看限制"],"duration":183,"failing":false,"failureDetails":[],"failureMessages":[],"fullName":"U-006 角色权限 - editor 数据查看限制 U-006 editor 可创建问卷（写权限）","invocations":1,"location":null,"numPassingAsserts":2,"retryReasons":[],"startAt":1784459246943,"status":"passed","title":"U-006 editor 可创建问卷（写权限）"},{"ancestorTitles":["U-006 角色权限 - editor 数据查看限制"],"duration":361,"failing":false,"failureDetails":[],"failureMessages":[],"fullName":"U-006 角色权限 - editor 数据查看限制 U-006 editor 不能查看答案列表（应返回 403）","invocations":1,"location":null,"numPassingAsserts":1,"retryReasons":[],"startAt":1784459247126,"status":"passed","title":"U-006 editor 不能查看答案列表（应返回 403）"},{"ancestorTitles":["U-006 角色权限 - editor 数据查看限制"],"duration":356,"failing":false,"failureDetails":[],"failureMessages":[],"fullName":"U-006 角色权限 - editor 数据查看限制 U-006 editor 不能查看答案详情（应返回 403）","invocations":1,"location":null,"numPassingAsserts":1,"retryReasons":[],"startAt":1784459247488,"status":"passed","title":"U-006 editor 不能查看答案详情（应返回 403）"},{"ancestorTitles":["U-006 角色权限 - editor 数据查看限制"],"duration":358,"failing":false,"failureDetails":[],"failureMessages":[],"fullName":"U-006 角色权限 - editor 数据查看限制 U-006 editor 不能查看统计（应返回 403）","invocations":1,"location":null,"numPassingAsserts":1,"retryReasons":[],"startAt":1784459247844,"status":"passed","title":"U-006 editor 不能查看统计（应返回 403）"},{"ancestorTitles":["U-006 角色权限 - editor 数据查看限制"],"duration":361,"failing":false,"failureDetails":[],"failureMessages":[],"fullName":"U-006 角色权限 - editor 数据查看限制 U-006 editor 不能导出数据（应返回 403）","invocations":1,"location":null,"numPassingAsserts":1,"retryReasons":[],"startAt":1784459248202,"status":"passed","title":"U-006 editor 不能导出数据（应返回 403）"},{"ancestorTitles":["U-006 角色权限 - editor 数据查看限制"],"duration":361,"failing":false,"failureDetails":[],"failureMessages":[],"fullName":"U-006 角色权限 - editor 数据查看限制 U-006 editor 不能查看仪表盘（应返回 403）","invocations":1,"location":null,"numPassingAsserts":1,"retryReasons":[],"startAt":1784459248564,"status":"passed","title":"U-006 editor 不能查看仪表盘（应返回 403）"},{"ancestorTitles":["U-006 角色权限 - admin 全权限"],"duration":190,"failing":false,"failureDetails":[],"failureMessages":[],"fullName":"U-006 角色权限 - admin 全权限 U-006 admin 可访问仪表盘","invocations":1,"location":null,"numPassingAsserts":2,"retryReasons":[],"startAt":1784459248925,"status":"passed","title":"U-006 admin 可访问仪表盘"},{"ancestorTitles":["U-006 角色权限 - admin 全权限"],"duration":193,"failing":false,"failureDetails":[],"failureMessages":[],"fullName":"U-006 角色权限 - admin 全权限 U-006 admin 可创建、发布、删除问卷","invocations":1,"location":null,"numPassingAsserts":3,"retryReasons":[],"startAt":1784459249115,"status":"passed","title":"U-006 admin 可创建、发布、删除问卷"},{"ancestorTitles":["U-006 角色权限 - analyst 数据分析权限"],"duration":373,"failing":false,"failureDetails":[],"failureMessages":[],"fullName":"U-006 角色权限 - analyst 数据分析权限 U-006 analyst 可查看答案列表","invocations":1,"location":null,"numPassingAsserts":2,"retryReasons":[],"startAt":1784459249308,"status":"passed","title":"U-006 analyst 可查看答案列表"},{"ancestorTitles":["U-006 角色权限 - analyst 数据分析权限"],"duration":383,"failing":false,"failureDetails":[],"failureMessages":[],"fullName":"U-006 角色权限 - analyst 数据分析权限 U-006 analyst 可查看统计","invocations":1,"location":null,"numPassingAsserts":2,"retryReasons":[],"startAt":1784459249681,"status":"passed","title":"U-006 analyst 可查看统计"},{"ancestorTitles":["U-006 角色权限 - analyst 数据分析权限"],"duration":371,"failing":false,"failureDetails":[],"failureMessages":[],"fullName":"U-006 角色权限 - analyst 数据分析权限 U-006 analyst 可导出数据","invocations":1,"location":null,"numPassingAsserts":1,"retryReasons":[],"startAt":1784459250064,"status":"passed","title":"U-006 analyst 可导出数据"},{"ancestorTitles":["U-006 角色权限 - analyst 数据分析权限"],"duration":378,"failing":false,"failureDetails":[],"failureMessages":[],"fullName":"U-006 角色权限 - analyst 数据分析权限 U-006 analyst 可查看仪表盘","invocations":1,"location":null,"numPassingAsserts":2,"retryReasons":[],"startAt":1784459250435,"status":"passed","title":"U-006 analyst 可查看仪表盘"}],"endTime":1784459250852,"message":"","name":"/workspace/backend/test/auth.test.ts","startTime":1784459242989,"status":"passed","summary":""},{"assertionResults":[{"ancestorTitles":["答案模块 - POST /api/answers/submit"],"duration":34,"failing":false,"failureDetails":[],"failureMessages":[],"fullName":"答案模块 - POST /api/answers/submit F-001 应成功提交已发布问卷的答案","invocations":1,"location":null,"numPassingAsserts":3,"retryReasons":[],"startAt":1784459251446,"status":"passed","title":"F-001 应成功提交已发布问卷的答案"},{"ancestorTitles":["答案模块 - POST /api/answers/submit"],"duration":25,"failing":false,"failureDetails":[],"failureMessages":[],"fullName":"答案模块 - POST /api/answers/submit F-001 提交答案无需登录（公开接口）","invocations":1,"location":null,"numPassingAsserts":1,"retryReasons":[],"startAt":1784459251481,"status":"passed","title":"F-001 提交答案无需登录（公开接口）"},{"ancestorTitles":["答案模块 - POST /api/answers/submit"],"duration":12,"failing":false,"failureDetails":[],"failureMessages":[],"fullName":"答案模块 - POST /api/answers/submit F-001 草稿状态问卷应禁止提交","invocations":1,"location":null,"numPassingAsserts":2,"retryReasons":[],"startAt":1784459251506,"status":"passed","title":"F-001 草稿状态问卷应禁止提交"},{"ancestorTitles":["答案模块 - POST /api/answers/submit"],"duration":5,"failing":false,"failureDetails":[],"failureMessages":[],"fullName":"答案模块 - POST /api/answers/submit F-001 不存在的问卷应返回 404","invocations":1,"location":null,"numPassingAsserts":1,"retryReasons":[],"startAt":1784459251518,"status":"passed","title":"F-001 不存在的问卷应返回 404"},{"ancestorTitles":["答案模块 - POST /api/answers/submit"],"duration":19,"failing":false,"failureDetails":[],"failureMessages":[],"fullName":"答案模块 - POST /api/answers/submit F-001 未指定 source/device 时应使用默认值","invocations":1,"location":null,"numPassingAsserts":1,"retryReasons":[],"startAt":1784459251524,"status":"passed","title":"F-001 未指定 source/device 时应使用默认值"},{"ancestorTitles":["答案模块 - GET /api/answers/:questionnaireId"],"duration":41,"failing":false,"failureDetails":[],"failureMessages":[],"fullName":"答案模块 - GET /api/answers/:questionnaireId D-001 应返回分页答案列表","invocations":1,"location":null,"numPassingAsserts":4,"retryReasons":[],"startAt":1784459251543,"status":"passed","title":"D-001 应返回分页答案列表"},{"ancestorTitles":["答案模块 - GET /api/answers/:questionnaireId"],"duration":58,"failing":false,"failureDetails":[],"failureMessages":[],"fullName":"答案模块 - GET /api/answers/:questionnaireId D-001 支持分页参数","invocations":1,"location":null,"numPassingAsserts":2,"retryReasons":[],"startAt":1784459251585,"status":"passed","title":"D-001 支持分页参数"},{"ancestorTitles":["答案模块 - GET /api/answers/:questionnaireId"],"duration":16,"failing":false,"failureDetails":[],"failureMessages":[],"fullName":"答案模块 - GET /api/answers/:questionnaireId D-001 未登录应返回 401","invocations":1,"location":null,"numPassingAsserts":1,"retryReasons":[],"startAt":1784459251643,"status":"passed","title":"D-001 未登录应返回 401"},{"ancestorTitles":["答案模块 - GET /api/answers/:questionnaireId/:answerId"],"duration":23,"failing":false,"failureDetails":[],"failureMessages":[],"fullName":"答案模块 - GET /api/answers/:questionnaireId/:answerId D-002 应返回指定答案详情","invocations":1,"location":null,"numPassingAsserts":4,"retryReasons":[],"startAt":1784459251659,"status":"passed","title":"D-002 应返回指定答案详情"},{"ancestorTitles":["答案模块 - GET /api/answers/:questionnaireId/:answerId"],"duration":15,"failing":false,"failureDetails":[],"failureMessages":[],"fullName":"答案模块 - GET /api/answers/:questionnaireId/:answerId D-002 不存在的答案应返回 404","invocations":1,"location":null,"numPassingAsserts":1,"retryReasons":[],"startAt":1784459251683,"status":"passed","title":"D-002 不存在的答案应返回 404"},{"ancestorTitles":["答案模块 - GET /api/answers/statistics/:questionnaireId"],"duration":38,"failing":false,"failureDetails":[],"failureMessages":[],"fullName":"答案模块 - GET /api/answers/statistics/:questionnaireId D-003 应返回基础统计数据（总数/来源/设备/时长）","invocations":1,"location":null,"numPassingAsserts":6,"retryReasons":[],"startAt":1784459251698,"status":"passed","title":"D-003 应返回基础统计数据（总数/来源/设备/时长）"},{"ancestorTitles":["答案模块 - GET /api/answers/statistics/:questionnaireId"],"duration":24,"failing":false,"failureDetails":[],"failureMessages":[],"fullName":"答案模块 - GET /api/answers/statistics/:questionnaireId D-003 无答案问卷统计应返回 0","invocations":1,"location":null,"numPassingAsserts":2,"retryReasons":[],"startAt":1784459251736,"status":"passed","title":"D-003 无答案问卷统计应返回 0"},{"ancestorTitles":["答案模块 - GET /api/answers/statistics/:questionnaireId"],"duration":6,"failing":false,"failureDetails":[],"failureMessages":[],"fullName":"答案模块 - GET /api/answers/statistics/:questionnaireId D-003 不存在的问卷应返回 404","invocations":1,"location":null,"numPassingAsserts":1,"retryReasons":[],"startAt":1784459251760,"status":"passed","title":"D-003 不存在的问卷应返回 404"},{"ancestorTitles":["答案模块 - GET /api/answers/statistics/:questionnaireId"],"duration":13,"failing":false,"failureDetails":[],"failureMessages":[],"fullName":"答案模块 - GET /api/answers/statistics/:questionnaireId D-003 统计接口需登录认证","invocations":1,"location":null,"numPassingAsserts":1,"retryReasons":[],"startAt":1784459251766,"status":"passed","title":"D-003 统计接口需登录认证"},{"ancestorTitles":["答案模块 - GET /api/answers/statistics/:questionnaireId"],"duration":30,"failing":false,"failureDetails":[],"failureMessages":[],"fullName":"答案模块 - GET /api/answers/statistics/:questionnaireId D-004 应返回 questionStats 数组，长度等于问卷题目数","invocations":1,"location":null,"numPassingAsserts":3,"retryReasons":[],"startAt":1784459251779,"status":"passed","title":"D-004 应返回 questionStats 数组，长度等于问卷题目数"},{"ancestorTitles":["答案模块 - GET /api/answers/statistics/:questionnaireId"],"duration":50,"failing":false,"failureDetails":[],"failureMessages":[],"fullName":"答案模块 - GET /api/answers/statistics/:questionnaireId D-004 单选题应返回选项计数与百分比","invocations":1,"location":null,"numPassingAsserts":5,"retryReasons":[],"startAt":1784459251810,"status":"passed","title":"D-004 单选题应返回选项计数与百分比"},{"ancestorTitles":["答案模块 - GET /api/answers/statistics/:questionnaireId"],"duration":35,"failing":false,"failureDetails":[],"failureMessages":[],"fullName":"答案模块 - GET /api/answers/statistics/:questionnaireId D-004 多选题应正确累加各选项计数","invocations":1,"location":null,"numPassingAsserts":4,"retryReasons":[],"startAt":1784459251860,"status":"passed","title":"D-004 多选题应正确累加各选项计数"},{"ancestorTitles":["答案模块 - GET /api/answers/statistics/:questionnaireId"],"duration":42,"failing":false,"failureDetails":[],"failureMessages":[],"fullName":"答案模块 - GET /api/answers/statistics/:questionnaireId D-004 文本题应返回去重后的响应列表（按计数降序）","invocations":1,"location":null,"numPassingAsserts":5,"retryReasons":[],"startAt":1784459251895,"status":"passed","title":"D-004 文本题应返回去重后的响应列表（按计数降序）"},{"ancestorTitles":["答案模块 - GET /api/answers/statistics/:questionnaireId"],"duration":43,"failing":false,"failureDetails":[],"failureMessages":[],"fullName":"答案模块 - GET /api/answers/statistics/:questionnaireId D-004 评分题应返回平均分与评分分布","invocations":1,"location":null,"numPassingAsserts":7,"retryReasons":[],"startAt":1784459251937,"status":"passed","title":"D-004 评分题应返回平均分与评分分布"},{"ancestorTitles":["答案模块 - GET /api/answers/statistics/:questionnaireId"],"duration":26,"failing":false,"failureDetails":[],"failureMessages":[],"fullName":"答案模块 - GET /api/answers/statistics/:questionnaireId D-004 无答案问卷应返回 totalResponses 全为 0 的 questionStats","invocations":1,"location":null,"numPassingAsserts":5,"retryReasons":[],"startAt":1784459251980,"status":"passed","title":"D-004 无答案问卷应返回 totalResponses 全为 0 的 questionStats"},{"ancestorTitles":["答案模块 - GET /api/answers/:questionnaireId/export"],"duration":30,"failing":false,"failureDetails":[],"failureMessages":[],"fullName":"答案模块 - GET /api/answers/:questionnaireId/export D-005 应成功导出 CSV 格式数据","invocations":1,"location":null,"numPassingAsserts":8,"retryReasons":[],"startAt":1784459252007,"status":"passed","title":"D-005 应成功导出 CSV 格式数据"},{"ancestorTitles":["答案模块 - GET /api/answers/:questionnaireId/export"],"duration":31,"failing":false,"failureDetails":[],"failureMessages":[],"fullName":"答案模块 - GET /api/answers/:questionnaireId/export D-005 应成功导出 Excel 格式数据","invocations":1,"location":null,"numPassingAsserts":4,"retryReasons":[],"startAt":1784459252037,"status":"passed","title":"D-005 应成功导出 Excel 格式数据"},{"ancestorTitles":["答案模块 - GET /api/answers/:questionnaireId/export"],"duration":21,"failing":false,"failureDetails":[],"failureMessages":[],"fullName":"答案模块 - GET /api/answers/:questionnaireId/export D-005 未指定 format 时应默认导出 CSV","invocations":1,"location":null,"numPassingAsserts":2,"retryReasons":[],"startAt":1784459252068,"status":"passed","title":"D-005 未指定 format 时应默认导出 CSV"},{"ancestorTitles":["答案模块 - GET /api/answers/:questionnaireId/export"],"duration":16,"failing":false,"failureDetails":[],"failureMessages":[],"fullName":"答案模块 - GET /api/answers/:questionnaireId/export D-005 无答案问卷应只返回表头行","invocations":1,"location":null,"numPassingAsserts":2,"retryReasons":[],"startAt":1784459252089,"status":"passed","title":"D-005 无答案问卷应只返回表头行"},{"ancestorTitles":["答案模块 - GET /api/answers/:questionnaireId/export"],"duration":5,"failing":false,"failureDetails":[],"failureMessages":[],"fullName":"答案模块 - GET /api/answers/:questionnaireId/export D-005 不存在的问卷应返回 404","invocations":1,"location":null,"numPassingAsserts":1,"retryReasons":[],"startAt":1784459252105,"status":"passed","title":"D-005 不存在的问卷应返回 404"},{"ancestorTitles":["答案模块 - GET /api/answers/:questionnaireId/export"],"duration":13,"failing":false,"failureDetails":[],"failureMessages":[],"fullName":"答案模块 - GET /api/answers/:questionnaireId/export D-005 导出接口需登录认证","invocations":1,"location":null,"numPassingAsserts":1,"retryReasons":[],"startAt":1784459252110,"status":"passed","title":"D-005 导出接口需登录认证"},{"ancestorTitles":["答案模块 - GET /api/answers/:questionnaireId/export"],"duration":21,"failing":false,"failureDetails":[],"failureMessages":[],"fullName":"答案模块 - GET /api/answers/:questionnaireId/export D-005 CSV 多选题答案应用 \"|\" 分隔","invocations":1,"location":null,"numPassingAsserts":1,"retryReasons":[],"startAt":1784459252123,"status":"passed","title":"D-005 CSV 多选题答案应用 \"|\" 分隔"},{"ancestorTitles":["答案模块 - F-006 防重复提交"],"duration":22,"failing":false,"failureDetails":[],"failureMessages":[],"fullName":"答案模块 - F-006 防重复提交 F-006 同一 IP + 同一问卷 10 秒内连续提交应被拒绝（返回 429）","invocations":1,"location":null,"numPassingAsserts":4,"retryReasons":[],"startAt":1784459252145,"status":"passed","title":"F-006 同一 IP + 同一问卷 10 秒内连续提交应被拒绝（返回 429）"},{"ancestorTitles":["答案模块 - F-006 防重复提交"],"duration":23,"failing":false,"failureDetails":[],"failureMessages":[],"fullName":"答案模块 - F-006 防重复提交 F-006 不同 IP 提交同一问卷应被允许","invocations":1,"location":null,"numPassingAsserts":2,"retryReasons":[],"startAt":1784459252167,"status":"passed","title":"F-006 不同 IP 提交同一问卷应被允许"},{"ancestorTitles":["答案模块 - F-006 防重复提交"],"duration":41,"failing":false,"failureDetails":[],"failureMessages":[],"fullName":"答案模块 - F-006 防重复提交 F-006 同一 IP 提交不同问卷应被允许","invocations":1,"location":null,"numPassingAsserts":2,"retryReasons":[],"startAt":1784459252191,"status":"passed","title":"F-006 同一 IP 提交不同问卷应被允许"},{"ancestorTitles":["答案模块 - S-005 接口限流"],"duration":110,"failing":false,"failureDetails":[],"failureMessages":[],"fullName":"答案模块 - S-005 接口限流 S-005 同一 IP 1 分钟内超过 5 次请求应被限流（返回 429）","invocations":1,"location":null,"numPassingAsserts":8,"retryReasons":[],"startAt":1784459252232,"status":"passed","title":"S-005 同一 IP 1 分钟内超过 5 次请求应被限流（返回 429）"},{"ancestorTitles":["答案模块 - S-004 IP 收集与脱敏"],"duration":19,"failing":false,"failureDetails":[],"failureMessages":[],"fullName":"答案模块 - S-004 IP 收集与脱敏 S-004 提交答案后，答案记录应存储脱敏 IP（末段置 0）","invocations":1,"location":null,"numPassingAsserts":4,"retryReasons":[],"startAt":1784459252342,"status":"passed","title":"S-004 提交答案后，答案记录应存储脱敏 IP（末段置 0）"},{"ancestorTitles":["答案模块 - S-004 IP 收集与脱敏"],"duration":20,"failing":false,"failureDetails":[],"failureMessages":[],"fullName":"答案模块 - S-004 IP 收集与脱敏 S-004 IPv4-mapped IPv6 应正确脱敏","invocations":1,"location":null,"numPassingAsserts":3,"retryReasons":[],"startAt":1784459252362,"status":"passed","title":"S-004 IPv4-mapped IPv6 应正确脱敏"},{"ancestorTitles":["答案模块 - S-004 IP 收集与脱敏"],"duration":20,"failing":false,"failureDetails":[],"failureMessages":[],"fullName":"答案模块 - S-004 IP 收集与脱敏 S-004 防重复提交以脱敏 IP 为键（同 /24 网段 10s 内只能 1 次）","invocations":1,"location":null,"numPassingAsserts":2,"retryReasons":[],"startAt":1784459252382,"status":"passed","title":"S-004 防重复提交以脱敏 IP 为键（同 /24 网段 10s 内只能 1 次）"},{"ancestorTitles":["答案模块 - GET /api/answers/statistics/dashboard"],"duration":4,"failing":false,"failureDetails":[],"failureMessages":[],"fullName":"答案模块 - GET /api/answers/statistics/dashboard V-008 未登录应返回 401","invocations":1,"location":null,"numPassingAsserts":1,"retryReasons":[],"startAt":1784459252402,"status":"passed","title":"V-008 未登录应返回 401"},{"ancestorTitles":["答案模块 - GET /api/answers/statistics/dashboard"],"duration":19,"failing":false,"failureDetails":[],"failureMessages":[],"fullName":"答案模块 - GET /api/answers/statistics/dashboard V-008 应返回仪表盘数据结构（overview/trend/sourceStats/deviceStats/questionnaireStatusStats/topQuestionnaires）","invocations":1,"location":null,"numPassingAsserts":14,"retryReasons":[],"startAt":1784459252406,"status":"passed","title":"V-008 应返回仪表盘数据结构（overview/trend/sourceStats/deviceStats/questionnaireStatusStats/topQuestionnaires）"},{"ancestorTitles":["答案模块 - GET /api/answers/statistics/dashboard"],"duration":46,"failing":false,"failureDetails":[],"failureMessages":[],"fullName":"答案模块 - GET /api/answers/statistics/dashboard V-008 overview 应正确统计总问卷数与活跃问卷数","invocations":1,"location":null,"numPassingAsserts":3,"retryReasons":[],"startAt":1784459252425,"status":"passed","title":"V-008 overview 应正确统计总问卷数与活跃问卷数"},{"ancestorTitles":["答案模块 - GET /api/answers/statistics/dashboard"],"duration":34,"failing":false,"failureDetails":[],"failureMessages":[],"fullName":"答案模块 - GET /api/answers/statistics/dashboard V-008 overview 应正确统计总填写数与平均时长","invocations":1,"location":null,"numPassingAsserts":2,"retryReasons":[],"startAt":1784459252471,"status":"passed","title":"V-008 overview 应正确统计总填写数与平均时长"},{"ancestorTitles":["答案模块 - GET /api/answers/statistics/dashboard"],"duration":33,"failing":false,"failureDetails":[],"failureMessages":[],"fullName":"答案模块 - GET /api/answers/statistics/dashboard V-008 overview.todayNewAnswers 应只统计今日提交的答案","invocations":1,"location":null,"numPassingAsserts":1,"retryReasons":[],"startAt":1784459252505,"status":"passed","title":"V-008 overview.todayNewAnswers 应只统计今日提交的答案"},{"ancestorTitles":["答案模块 - GET /api/answers/statistics/dashboard"],"duration":17,"failing":false,"failureDetails":[],"failureMessages":[],"fullName":"答案模块 - GET /api/answers/statistics/dashboard V-008 trend 应返回近 7 天填写趋势（含补全的 0 填充日期）","invocations":1,"location":null,"numPassingAsserts":28,"retryReasons":[],"startAt":1784459252538,"status":"passed","title":"V-008 trend 应返回近 7 天填写趋势（含补全的 0 填充日期）"},{"ancestorTitles":["答案模块 - GET /api/answers/statistics/dashboard"],"duration":49,"failing":false,"failureDetails":[],"failureMessages":[],"fullName":"答案模块 - GET /api/answers/statistics/dashboard V-008 sourceStats 应返回跨问卷的来源分布","invocations":1,"location":null,"numPassingAsserts":3,"retryReasons":[],"startAt":1784459252556,"status":"passed","title":"V-008 sourceStats 应返回跨问卷的来源分布"},{"ancestorTitles":["答案模块 - GET /api/answers/statistics/dashboard"],"duration":47,"failing":false,"failureDetails":[],"failureMessages":[],"fullName":"答案模块 - GET /api/answers/statistics/dashboard V-008 deviceStats 应返回跨问卷的设备分布","invocations":1,"location":null,"numPassingAsserts":2,"retryReasons":[],"startAt":1784459252606,"status":"passed","title":"V-008 deviceStats 应返回跨问卷的设备分布"},{"ancestorTitles":["答案模块 - GET /api/answers/statistics/dashboard"],"duration":41,"failing":false,"failureDetails":[],"failureMessages":[],"fullName":"答案模块 - GET /api/answers/statistics/dashboard V-008 questionnaireStatusStats 应返回问卷状态分布（draft/published/closed）","invocations":1,"location":null,"numPassingAsserts":3,"retryReasons":[],"startAt":1784459252654,"status":"passed","title":"V-008 questionnaireStatusStats 应返回问卷状态分布（draft/published/closed）"},{"ancestorTitles":["答案模块 - GET /api/answers/statistics/dashboard"],"duration":81,"failing":false,"failureDetails":[],"failureMessages":[],"fullName":"答案模块 - GET /api/answers/statistics/dashboard V-008 topQuestionnaires 应返回答卷数 Top 5 问卷（按答卷数降序）","invocations":1,"location":null,"numPassingAsserts":14,"retryReasons":[],"startAt":1784459252695,"status":"passed","title":"V-008 topQuestionnaires 应返回答卷数 Top 5 问卷（按答卷数降序）"},{"ancestorTitles":["答案模块 - S-006 isCompleted 字段计算"],"duration":17,"failing":false,"failureDetails":[],"failureMessages":[],"fullName":"答案模块 - S-006 isCompleted 字段计算 S-006 提交完整答案（所有必答题作答）应 isCompleted=true","invocations":1,"location":null,"numPassingAsserts":2,"retryReasons":[],"startAt":1784459252776,"status":"passed","title":"S-006 提交完整答案（所有必答题作答）应 isCompleted=true"},{"ancestorTitles":["答案模块 - S-006 isCompleted 字段计算"],"duration":16,"failing":false,"failureDetails":[],"failureMessages":[],"fullName":"答案模块 - S-006 isCompleted 字段计算 S-006 缺少必答题（缺 q1）应 isCompleted=false","invocations":1,"location":null,"numPassingAsserts":2,"retryReasons":[],"startAt":1784459252793,"status":"passed","title":"S-006 缺少必答题（缺 q1）应 isCompleted=false"},{"ancestorTitles":["答案模块 - S-006 isCompleted 字段计算"],"duration":15,"failing":false,"failureDetails":[],"failureMessages":[],"fullName":"答案模块 - S-006 isCompleted 字段计算 S-006 缺少必答题（缺 q4）应 isCompleted=false","invocations":1,"location":null,"numPassingAsserts":2,"retryReasons":[],"startAt":1784459252810,"status":"passed","title":"S-006 缺少必答题（缺 q4）应 isCompleted=false"},{"ancestorTitles":["答案模块 - S-006 isCompleted 字段计算"],"duration":21,"failing":false,"failureDetails":[],"failureMessages":[],"fullName":"答案模块 - S-006 isCompleted 字段计算 S-006 必答题空字符串应 isCompleted=false","invocations":1,"location":null,"numPassingAsserts":2,"retryReasons":[],"startAt":1784459252825,"status":"passed","title":"S-006 必答题空字符串应 isCompleted=false"},{"ancestorTitles":["答案模块 - S-006 isCompleted 字段计算"],"duration":17,"failing":false,"failureDetails":[],"failureMessages":[],"fullName":"答案模块 - S-006 isCompleted 字段计算 S-006 仅作答非必答题（不作答必答题）应 isCompleted=false","invocations":1,"location":null,"numPassingAsserts":2,"retryReasons":[],"startAt":1784459252846,"status":"passed","title":"S-006 仅作答非必答题（不作答必答题）应 isCompleted=false"},{"ancestorTitles":["答案模块 - S-006 isCompleted 字段计算"],"duration":19,"failing":false,"failureDetails":[],"failureMessages":[],"fullName":"答案模块 - S-006 isCompleted 字段计算 S-006 数据库记录应正确保存 isCompleted 字段","invocations":1,"location":null,"numPassingAsserts":2,"retryReasons":[],"startAt":1784459252864,"status":"passed","title":"S-006 数据库记录应正确保存 isCompleted 字段"},{"ancestorTitles":["答案模块 - S-006 统计接口完成率返回"],"duration":27,"failing":false,"failureDetails":[],"failureMessages":[],"fullName":"答案模块 - S-006 统计接口完成率返回 S-006 统计接口应返回 completedAnswers 与 completionRate 字段","invocations":1,"location":null,"numPassingAsserts":3,"retryReasons":[],"startAt":1784459252883,"status":"passed","title":"S-006 统计接口应返回 completedAnswers 与 completionRate 字段"},{"ancestorTitles":["答案模块 - S-006 统计接口完成率返回"],"duration":39,"failing":false,"failureDetails":[],"failureMessages":[],"fullName":"答案模块 - S-006 统计接口完成率返回 S-006 完成率计算正确（2 完成 / 3 总数 = 66.7%）","invocations":1,"location":null,"numPassingAsserts":3,"retryReasons":[],"startAt":1784459252910,"status":"passed","title":"S-006 完成率计算正确（2 完成 / 3 总数 = 66.7%）"},{"ancestorTitles":["答案模块 - S-006 统计接口完成率返回"],"duration":21,"failing":false,"failureDetails":[],"failureMessages":[],"fullName":"答案模块 - S-006 统计接口完成率返回 S-006 无答案问卷完成率应为 0","invocations":1,"location":null,"numPassingAsserts":3,"retryReasons":[],"startAt":1784459252949,"status":"passed","title":"S-006 无答案问卷完成率应为 0"},{"ancestorTitles":["答案模块 - S-006 统计接口完成率返回"],"duration":30,"failing":false,"failureDetails":[],"failureMessages":[],"fullName":"答案模块 - S-006 统计接口完成率返回 S-006 全部完成时完成率应为 100","invocations":1,"location":null,"numPassingAsserts":3,"retryReasons":[],"startAt":1784459252970,"status":"passed","title":"S-006 全部完成时完成率应为 100"},{"ancestorTitles":["答案模块 - S-006 仪表盘跨问卷完成率"],"duration":34,"failing":false,"failureDetails":[],"failureMessages":[],"fullName":"答案模块 - S-006 仪表盘跨问卷完成率 S-006 仪表盘 overview 应返回 avgCompletionRate 字段","invocations":1,"location":null,"numPassingAsserts":2,"retryReasons":[],"startAt":1784459253000,"status":"passed","title":"S-006 仪表盘 overview 应返回 avgCompletionRate 字段"},{"ancestorTitles":["答案模块 - S-006 仪表盘跨问卷完成率"],"duration":67,"failing":false,"failureDetails":[],"failureMessages":[],"fullName":"答案模块 - S-006 仪表盘跨问卷完成率 S-006 仪表盘 avgCompletionRate 应跨问卷正确计算","invocations":1,"location":null,"numPassingAsserts":1,"retryReasons":[],"startAt":1784459253034,"status":"passed","title":"S-006 仪表盘 avgCompletionRate 应跨问卷正确计算"},{"ancestorTitles":["答案模块 - S-006 仪表盘跨问卷完成率"],"duration":22,"failing":false,"failureDetails":[],"failureMessages":[],"fullName":"答案模块 - S-006 仪表盘跨问卷完成率 S-006 仪表盘无答案时 avgCompletionRate 应为 0","invocations":1,"location":null,"numPassingAsserts":1,"retryReasons":[],"startAt":1784459253101,"status":"passed","title":"S-006 仪表盘无答案时 avgCompletionRate 应为 0"}],"endTime":1784459253159,"message":"","name":"/workspace/backend/test/answer.test.ts","startTime":1784459250869,"status":"passed","summary":""},{"assertionResults":[{"ancestorTitles":["问卷管理 - POST /api/questionnaires"],"duration":20,"failing":false,"failureDetails":[],"failureMessages":[],"fullName":"问卷管理 - POST /api/questionnaires Q-003 应成功创建问卷，状态为 draft","invocations":1,"location":null,"numPassingAsserts":6,"retryReasons":[],"startAt":1784459253595,"status":"passed","title":"Q-003 应成功创建问卷，状态为 draft"},{"ancestorTitles":["问卷管理 - POST /api/questionnaires"],"duration":6,"failing":false,"failureDetails":[],"failureMessages":[],"fullName":"问卷管理 - POST /api/questionnaires Q-003 未登录应返回 401","invocations":1,"location":null,"numPassingAsserts":1,"retryReasons":[],"startAt":1784459253615,"status":"passed","title":"Q-003 未登录应返回 401"},{"ancestorTitles":["问卷管理 - POST /api/questionnaires"],"duration":48,"failing":false,"failureDetails":[],"failureMessages":[],"fullName":"问卷管理 - POST /api/questionnaires Q-003 缺少标题应创建失败","invocations":1,"location":null,"numPassingAsserts":2,"retryReasons":[],"startAt":1784459253622,"status":"passed","title":"Q-003 缺少标题应创建失败"},{"ancestorTitles":["问卷管理 - GET /api/questionnaires"],"duration":30,"failing":false,"failureDetails":[],"failureMessages":[],"fullName":"问卷管理 - GET /api/questionnaires Q-001 应返回分页列表","invocations":1,"location":null,"numPassingAsserts":5,"retryReasons":[],"startAt":1784459253670,"status":"passed","title":"Q-001 应返回分页列表"},{"ancestorTitles":["问卷管理 - GET /api/questionnaires"],"duration":26,"failing":false,"failureDetails":[],"failureMessages":[],"fullName":"问卷管理 - GET /api/questionnaires Q-001 支持按关键词搜索","invocations":1,"location":null,"numPassingAsserts":3,"retryReasons":[],"startAt":1784459253700,"status":"passed","title":"Q-001 支持按关键词搜索"},{"ancestorTitles":["问卷管理 - GET /api/questionnaires"],"duration":25,"failing":false,"failureDetails":[],"failureMessages":[],"fullName":"问卷管理 - GET /api/questionnaires Q-001 支持分页参数","invocations":1,"location":null,"numPassingAsserts":2,"retryReasons":[],"startAt":1784459253726,"status":"passed","title":"Q-001 支持分页参数"},{"ancestorTitles":["问卷管理 - GET /api/questionnaires"],"duration":48,"failing":false,"failureDetails":[],"failureMessages":[],"fullName":"问卷管理 - GET /api/questionnaires Q-001 支持状态筛选","invocations":1,"location":null,"numPassingAsserts":2,"retryReasons":[],"startAt":1784459253751,"status":"passed","title":"Q-001 支持状态筛选"},{"ancestorTitles":["问卷管理 - GET /api/questionnaires"],"duration":19,"failing":false,"failureDetails":[],"failureMessages":[],"fullName":"问卷管理 - GET /api/questionnaires Q-001 未登录应返回 401","invocations":1,"location":null,"numPassingAsserts":1,"retryReasons":[],"startAt":1784459253799,"status":"passed","title":"Q-001 未登录应返回 401"},{"ancestorTitles":["问卷管理 - GET /api/questionnaires/:id"],"duration":11,"failing":false,"failureDetails":[],"failureMessages":[],"fullName":"问卷管理 - GET /api/questionnaires/:id Q-002 应返回指定问卷详情","invocations":1,"location":null,"numPassingAsserts":3,"retryReasons":[],"startAt":1784459253818,"status":"passed","title":"Q-002 应返回指定问卷详情"},{"ancestorTitles":["问卷管理 - GET /api/questionnaires/:id"],"duration":5,"failing":false,"failureDetails":[],"failureMessages":[],"fullName":"问卷管理 - GET /api/questionnaires/:id Q-002 不存在的 ID 应返回 404","invocations":1,"location":null,"numPassingAsserts":2,"retryReasons":[],"startAt":1784459253829,"status":"passed","title":"Q-002 不存在的 ID 应返回 404"},{"ancestorTitles":["问卷管理 - GET /api/questionnaires/public/:id"],"duration":16,"failing":false,"failureDetails":[],"failureMessages":[],"fullName":"问卷管理 - GET /api/questionnaires/public/:id Q-008 应允许未登录用户访问已发布问卷","invocations":1,"location":null,"numPassingAsserts":3,"retryReasons":[],"startAt":1784459253834,"status":"passed","title":"Q-008 应允许未登录用户访问已发布问卷"},{"ancestorTitles":["问卷管理 - GET /api/questionnaires/public/:id"],"duration":9,"failing":false,"failureDetails":[],"failureMessages":[],"fullName":"问卷管理 - GET /api/questionnaires/public/:id Q-008 草稿状态问卷公开访问仍可读取（接口未限制状态）","invocations":1,"location":null,"numPassingAsserts":1,"retryReasons":[],"startAt":1784459253851,"status":"passed","title":"Q-008 草稿状态问卷公开访问仍可读取（接口未限制状态）"},{"ancestorTitles":["问卷管理 - GET /api/questionnaires/public/:id"],"duration":4,"failing":false,"failureDetails":[],"failureMessages":[],"fullName":"问卷管理 - GET /api/questionnaires/public/:id Q-008 不存在的问卷应返回 404","invocations":1,"location":null,"numPassingAsserts":1,"retryReasons":[],"startAt":1784459253860,"status":"passed","title":"Q-008 不存在的问卷应返回 404"},{"ancestorTitles":["问卷管理 - PUT /api/questionnaires/:id"],"duration":14,"failing":false,"failureDetails":[],"failureMessages":[],"fullName":"问卷管理 - PUT /api/questionnaires/:id Q-004 草稿状态应允许更新","invocations":1,"location":null,"numPassingAsserts":3,"retryReasons":[],"startAt":1784459253864,"status":"passed","title":"Q-004 草稿状态应允许更新"},{"ancestorTitles":["问卷管理 - PUT /api/questionnaires/:id"],"duration":14,"failing":false,"failureDetails":[],"failureMessages":[],"fullName":"问卷管理 - PUT /api/questionnaires/:id Q-004 已发布问卷应禁止更新","invocations":1,"location":null,"numPassingAsserts":2,"retryReasons":[],"startAt":1784459253878,"status":"passed","title":"Q-004 已发布问卷应禁止更新"},{"ancestorTitles":["问卷管理 - DELETE /api/questionnaires/:id"],"duration":13,"failing":false,"failureDetails":[],"failureMessages":[],"fullName":"问卷管理 - DELETE /api/questionnaires/:id Q-005 应成功删除问卷","invocations":1,"location":null,"numPassingAsserts":3,"retryReasons":[],"startAt":1784459253893,"status":"passed","title":"Q-005 应成功删除问卷"},{"ancestorTitles":["问卷管理 - DELETE /api/questionnaires/:id"],"duration":4,"failing":false,"failureDetails":[],"failureMessages":[],"fullName":"问卷管理 - DELETE /api/questionnaires/:id Q-005 删除不存在的问卷应返回 404","invocations":1,"location":null,"numPassingAsserts":1,"retryReasons":[],"startAt":1784459253906,"status":"passed","title":"Q-005 删除不存在的问卷应返回 404"},{"ancestorTitles":["问卷管理 - 发布与关闭状态机"],"duration":11,"failing":false,"failureDetails":[],"failureMessages":[],"fullName":"问卷管理 - 发布与关闭状态机 Q-006 草稿问卷应能发布，状态变为 published","invocations":1,"location":null,"numPassingAsserts":3,"retryReasons":[],"startAt":1784459253911,"status":"passed","title":"Q-006 草稿问卷应能发布，状态变为 published"},{"ancestorTitles":["问卷管理 - 发布与关闭状态机"],"duration":14,"failing":false,"failureDetails":[],"failureMessages":[],"fullName":"问卷管理 - 发布与关闭状态机 Q-006 已发布问卷不能再次发布","invocations":1,"location":null,"numPassingAsserts":2,"retryReasons":[],"startAt":1784459253922,"status":"passed","title":"Q-006 已发布问卷不能再次发布"},{"ancestorTitles":["问卷管理 - 发布与关闭状态机"],"duration":18,"failing":false,"failureDetails":[],"failureMessages":[],"fullName":"问卷管理 - 发布与关闭状态机 Q-007 已发布问卷应能关闭，状态变为 closed","invocations":1,"location":null,"numPassingAsserts":3,"retryReasons":[],"startAt":1784459253936,"status":"passed","title":"Q-007 已发布问卷应能关闭，状态变为 closed"},{"ancestorTitles":["问卷管理 - 发布与关闭状态机"],"duration":9,"failing":false,"failureDetails":[],"failureMessages":[],"fullName":"问卷管理 - 发布与关闭状态机 Q-007 草稿问卷不能直接关闭","invocations":1,"location":null,"numPassingAsserts":2,"retryReasons":[],"startAt":1784459253955,"status":"passed","title":"Q-007 草稿问卷不能直接关闭"},{"ancestorTitles":["问卷管理 - POST /api/questionnaires/import"],"duration":8,"failing":false,"failureDetails":[],"failureMessages":[],"fullName":"问卷管理 - POST /api/questionnaires/import Q-009 应成功导入合法 JSON 问卷","invocations":1,"location":null,"numPassingAsserts":3,"retryReasons":[],"startAt":1784459253965,"status":"passed","title":"Q-009 应成功导入合法 JSON 问卷"},{"ancestorTitles":["问卷管理 - POST /api/questionnaires/import"],"duration":4,"failing":false,"failureDetails":[],"failureMessages":[],"fullName":"问卷管理 - POST /api/questionnaires/import Q-009 标题为空应返回 400","invocations":1,"location":null,"numPassingAsserts":2,"retryReasons":[],"startAt":1784459253973,"status":"passed","title":"Q-009 标题为空应返回 400"},{"ancestorTitles":["问卷管理 - POST /api/questionnaires/import"],"duration":3,"failing":false,"failureDetails":[],"failureMessages":[],"fullName":"问卷管理 - POST /api/questionnaires/import Q-009 questions 非数组应返回 400","invocations":1,"location":null,"numPassingAsserts":2,"retryReasons":[],"startAt":1784459253977,"status":"passed","title":"Q-009 questions 非数组应返回 400"},{"ancestorTitles":["问卷管理 - POST /api/questionnaires/import"],"duration":4,"failing":false,"failureDetails":[],"failureMessages":[],"fullName":"问卷管理 - POST /api/questionnaires/import Q-009 选择题选项少于 2 个应返回 400","invocations":1,"location":null,"numPassingAsserts":2,"retryReasons":[],"startAt":1784459253980,"status":"passed","title":"Q-009 选择题选项少于 2 个应返回 400"},{"ancestorTitles":["问卷管理 - POST /api/questionnaires/import"],"duration":3,"failing":false,"failureDetails":[],"failureMessages":[],"fullName":"问卷管理 - POST /api/questionnaires/import Q-009 无效题型应返回 400","invocations":1,"location":null,"numPassingAsserts":2,"retryReasons":[],"startAt":1784459253984,"status":"passed","title":"Q-009 无效题型应返回 400"},{"ancestorTitles":["问卷管理 - E-002 矩阵题（matrix）转换"],"duration":6,"failing":false,"failureDetails":[],"failureMessages":[],"fullName":"问卷管理 - E-002 矩阵题（matrix）转换 E-002 创建含矩阵题的问卷应成功，matrixRows/matrixCols 正确保存","invocations":1,"location":null,"numPassingAsserts":5,"retryReasons":[],"startAt":1784459253988,"status":"passed","title":"E-002 创建含矩阵题的问卷应成功，matrixRows/matrixCols 正确保存"},{"ancestorTitles":["问卷管理 - E-002 矩阵题（matrix）转换"],"duration":10,"failing":false,"failureDetails":[],"failureMessages":[],"fullName":"问卷管理 - E-002 矩阵题（matrix）转换 E-002 查询问卷时矩阵题 type 应为 matrix（不降级为 text）","invocations":1,"location":null,"numPassingAsserts":4,"retryReasons":[],"startAt":1784459253994,"status":"passed","title":"E-002 查询问卷时矩阵题 type 应为 matrix（不降级为 text）"},{"ancestorTitles":["问卷管理 - E-002 矩阵题（matrix）转换"],"duration":14,"failing":false,"failureDetails":[],"failureMessages":[],"fullName":"问卷管理 - E-002 矩阵题（matrix）转换 E-002 矩阵题公开访问时 type 应为 matrix","invocations":1,"location":null,"numPassingAsserts":3,"retryReasons":[],"startAt":1784459254004,"status":"passed","title":"E-002 矩阵题公开访问时 type 应为 matrix"},{"ancestorTitles":["问卷管理 - E-002 矩阵题（matrix）转换"],"duration":7,"failing":false,"failureDetails":[],"failureMessages":[],"fullName":"问卷管理 - E-002 矩阵题（matrix）转换 E-002 import 接口应接受 matrix 类型","invocations":1,"location":null,"numPassingAsserts":3,"retryReasons":[],"startAt":1784459254018,"status":"passed","title":"E-002 import 接口应接受 matrix 类型"},{"ancestorTitles":["问卷管理 - E-002 矩阵题（matrix）转换"],"duration":10,"failing":false,"failureDetails":[],"failureMessages":[],"fullName":"问卷管理 - E-002 矩阵题（matrix）转换 E-002 矩阵题至少需要 2 行 2 列（Schema 校验）","invocations":1,"location":null,"numPassingAsserts":2,"retryReasons":[],"startAt":1784459254025,"status":"passed","title":"E-002 矩阵题至少需要 2 行 2 列（Schema 校验）"}],"endTime":1784459254057,"message":"","name":"/workspace/backend/test/questionnaire.test.ts","startTime":1784459253172,"status":"passed","summary":""},{"assertionResults":[{"ancestorTitles":["模板模块 - POST /api/templates/init"],"duration":35,"failing":false,"failureDetails":[],"failureMessages":[],"fullName":"模板模块 - POST /api/templates/init T-002 应成功初始化预设模板","invocations":1,"location":null,"numPassingAsserts":3,"retryReasons":[],"startAt":1784459254695,"status":"passed","title":"T-002 应成功初始化预设模板"},{"ancestorTitles":["模板模块 - POST /api/templates/init"],"duration":26,"failing":false,"failureDetails":[],"failureMessages":[],"fullName":"模板模块 - POST /api/templates/init T-002 重复初始化应返回已存在","invocations":1,"location":null,"numPassingAsserts":2,"retryReasons":[],"startAt":1784459254730,"status":"passed","title":"T-002 重复初始化应返回已存在"},{"ancestorTitles":["模板模块 - POST /api/templates/init"],"duration":4,"failing":false,"failureDetails":[],"failureMessages":[],"fullName":"模板模块 - POST /api/templates/init T-002 未登录应返回 401","invocations":1,"location":null,"numPassingAsserts":1,"retryReasons":[],"startAt":1784459254757,"status":"passed","title":"T-002 未登录应返回 401"},{"ancestorTitles":["模板模块 - GET /api/templates"],"duration":28,"failing":false,"failureDetails":[],"failureMessages":[],"fullName":"模板模块 - GET /api/templates T-003 应返回所有模板（公开访问）","invocations":1,"location":null,"numPassingAsserts":3,"retryReasons":[],"startAt":1784459254761,"status":"passed","title":"T-003 应返回所有模板（公开访问）"},{"ancestorTitles":["模板模块 - GET /api/templates"],"duration":28,"failing":false,"failureDetails":[],"failureMessages":[],"fullName":"模板模块 - GET /api/templates T-003 支持按分类筛选","invocations":1,"location":null,"numPassingAsserts":3,"retryReasons":[],"startAt":1784459254789,"status":"passed","title":"T-003 支持按分类筛选"},{"ancestorTitles":["模板模块 - GET /api/templates"],"duration":23,"failing":false,"failureDetails":[],"failureMessages":[],"fullName":"模板模块 - GET /api/templates T-003 无需登录即可访问","invocations":1,"location":null,"numPassingAsserts":1,"retryReasons":[],"startAt":1784459254818,"status":"passed","title":"T-003 无需登录即可访问"},{"ancestorTitles":["模板模块 - GET /api/templates/:id"],"duration":27,"failing":false,"failureDetails":[],"failureMessages":[],"fullName":"模板模块 - GET /api/templates/:id T-004 应返回指定模板详情","invocations":1,"location":null,"numPassingAsserts":5,"retryReasons":[],"startAt":1784459254842,"status":"passed","title":"T-004 应返回指定模板详情"},{"ancestorTitles":["模板模块 - GET /api/templates/:id"],"duration":6,"failing":false,"failureDetails":[],"failureMessages":[],"fullName":"模板模块 - GET /api/templates/:id T-004 不存在的模板应返回 404","invocations":1,"location":null,"numPassingAsserts":2,"retryReasons":[],"startAt":1784459254869,"status":"passed","title":"T-004 不存在的模板应返回 404"},{"ancestorTitles":["模板模块 - POST /api/templates/:id/create"],"duration":32,"failing":false,"failureDetails":[],"failureMessages":[],"fullName":"模板模块 - POST /api/templates/:id/create T-005 应基于模板成功创建问卷","invocations":1,"location":null,"numPassingAsserts":7,"retryReasons":[],"startAt":1784459254876,"status":"passed","title":"T-005 应基于模板成功创建问卷"},{"ancestorTitles":["模板模块 - POST /api/templates/:id/create"],"duration":31,"failing":false,"failureDetails":[],"failureMessages":[],"fullName":"模板模块 - POST /api/templates/:id/create T-005 不传 title 时应使用模板默认标题","invocations":1,"location":null,"numPassingAsserts":2,"retryReasons":[],"startAt":1784459254909,"status":"passed","title":"T-005 不传 title 时应使用模板默认标题"},{"ancestorTitles":["模板模块 - POST /api/templates/:id/create"],"duration":34,"failing":false,"failureDetails":[],"failureMessages":[],"fullName":"模板模块 - POST /api/templates/:id/create T-005 创建后应将模板使用次数 +1","invocations":1,"location":null,"numPassingAsserts":1,"retryReasons":[],"startAt":1784459254941,"status":"passed","title":"T-005 创建后应将模板使用次数 +1"},{"ancestorTitles":["模板模块 - POST /api/templates/:id/create"],"duration":21,"failing":false,"failureDetails":[],"failureMessages":[],"fullName":"模板模块 - POST /api/templates/:id/create T-005 未登录应返回 401","invocations":1,"location":null,"numPassingAsserts":1,"retryReasons":[],"startAt":1784459254975,"status":"passed","title":"T-005 未登录应返回 401"},{"ancestorTitles":["模板模块 - POST /api/templates/:id/create"],"duration":7,"failing":false,"failureDetails":[],"failureMessages":[],"fullName":"模板模块 - POST /api/templates/:id/create T-005 不存在的模板应返回 404","invocations":1,"location":null,"numPassingAsserts":1,"retryReasons":[],"startAt":1784459254996,"status":"passed","title":"T-005 不存在的模板应返回 404"}],"endTime":1784459255038,"message":"","name":"/workspace/backend/test/template.test.ts","startTime":1784459254063,"status":"passed","summary":""},{"assertionResults":[{"ancestorTitles":["微信 JS-SDK - GET /api/wx/signature"],"duration":24,"failing":false,"failureDetails":[],"failureMessages":[],"fullName":"微信 JS-SDK - GET /api/wx/signature F-004 未配置 WX_APPID/WX_APP_SECRET 时应返回 503","invocations":1,"location":null,"numPassingAsserts":3,"retryReasons":[],"startAt":1784459255249,"status":"passed","title":"F-004 未配置 WX_APPID/WX_APP_SECRET 时应返回 503"},{"ancestorTitles":["微信 JS-SDK - GET /api/wx/signature"],"duration":7,"failing":false,"failureDetails":[],"failureMessages":[],"fullName":"微信 JS-SDK - GET /api/wx/signature F-004 缺少 url 参数应返回 400","invocations":1,"location":null,"numPassingAsserts":3,"retryReasons":[],"startAt":1784459255274,"status":"passed","title":"F-004 缺少 url 参数应返回 400"},{"ancestorTitles":["微信 JS-SDK - GET /api/wx/signature"],"duration":7,"failing":false,"failureDetails":[],"failureMessages":[],"fullName":"微信 JS-SDK - GET /api/wx/signature F-004 url 为空字符串应返回 400","invocations":1,"location":null,"numPassingAsserts":2,"retryReasons":[],"startAt":1784459255281,"status":"passed","title":"F-004 url 为空字符串应返回 400"},{"ancestorTitles":["微信 JS-SDK - generateSignature 签名算法"],"duration":5,"failing":false,"failureDetails":[],"failureMessages":[],"fullName":"微信 JS-SDK - generateSignature 签名算法 F-004 应正确计算 SHA1 签名（使用微信官方示例数据）","invocations":1,"location":null,"numPassingAsserts":1,"retryReasons":[],"startAt":1784459255289,"status":"passed","title":"F-004 应正确计算 SHA1 签名（使用微信官方示例数据）"},{"ancestorTitles":["微信 JS-SDK - generateSignature 签名算法"],"duration":4,"failing":false,"failureDetails":[],"failureMessages":[],"fullName":"微信 JS-SDK - generateSignature 签名算法 F-004 签名长度应为 40 位十六进制字符串","invocations":1,"location":null,"numPassingAsserts":1,"retryReasons":[],"startAt":1784459255294,"status":"passed","title":"F-004 签名长度应为 40 位十六进制字符串"},{"ancestorTitles":["微信 JS-SDK - generateSignature 签名算法"],"duration":2,"failing":false,"failureDetails":[],"failureMessages":[],"fullName":"微信 JS-SDK - generateSignature 签名算法 F-004 不同 URL 应产生不同签名","invocations":1,"location":null,"numPassingAsserts":1,"retryReasons":[],"startAt":1784459255299,"status":"passed","title":"F-004 不同 URL 应产生不同签名"},{"ancestorTitles":["微信 JS-SDK - generateSignature 签名算法"],"duration":3,"failing":false,"failureDetails":[],"failureMessages":[],"fullName":"微信 JS-SDK - generateSignature 签名算法 F-004 不同 nonceStr 应产生不同签名","invocations":1,"location":null,"numPassingAsserts":1,"retryReasons":[],"startAt":1784459255301,"status":"passed","title":"F-004 不同 nonceStr 应产生不同签名"},{"ancestorTitles":["微信 JS-SDK - generateSignature 签名算法"],"duration":2,"failing":false,"failureDetails":[],"failureMessages":[],"fullName":"微信 JS-SDK - generateSignature 签名算法 F-004 相同输入应产生相同签名（确定性）","invocations":1,"location":null,"numPassingAsserts":1,"retryReasons":[],"startAt":1784459255305,"status":"passed","title":"F-004 相同输入应产生相同签名（确定性）"}],"endTime":1784459255309,"message":"","name":"/workspace/backend/test/wx.test.ts","startTime":1784459255056,"status":"passed","summary":""}],"wasInterrupted":false}
