{"numFailedTestSuites":0,"numFailedTests":0,"numPassedTestSuites":4,"numPassedTests":66,"numPendingTestSuites":0,"numPendingTests":0,"numRuntimeErrorTestSuites":0,"numTodoTests":0,"numTotalTestSuites":4,"numTotalTests":66,"openHandles":[],"snapshot":{"added":0,"didUpdate":false,"failure":false,"filesAdded":0,"filesRemoved":0,"filesRemovedList":[],"filesUnmatched":0,"filesUpdated":0,"matched":0,"total":0,"unchecked":0,"uncheckedKeysByFile":[],"unmatched":0,"updated":0},"startTime":1784220630018,"success":true,"testResults":[{"assertionResults":[{"ancestorTitles":["答案模块 - POST /api/answers/submit"],"duration":34,"failing":false,"failureDetails":[],"failureMessages":[],"fullName":"答案模块 - POST /api/answers/submit F-001 应成功提交已发布问卷的答案","invocations":1,"location":null,"numPassingAsserts":3,"retryReasons":[],"startAt":1784220631893,"status":"passed","title":"F-001 应成功提交已发布问卷的答案"},{"ancestorTitles":["答案模块 - POST /api/answers/submit"],"duration":20,"failing":false,"failureDetails":[],"failureMessages":[],"fullName":"答案模块 - POST /api/answers/submit F-001 提交答案无需登录（公开接口）","invocations":1,"location":null,"numPassingAsserts":1,"retryReasons":[],"startAt":1784220631928,"status":"passed","title":"F-001 提交答案无需登录（公开接口）"},{"ancestorTitles":["答案模块 - POST /api/answers/submit"],"duration":12,"failing":false,"failureDetails":[],"failureMessages":[],"fullName":"答案模块 - POST /api/answers/submit F-001 草稿状态问卷应禁止提交","invocations":1,"location":null,"numPassingAsserts":2,"retryReasons":[],"startAt":1784220631948,"status":"passed","title":"F-001 草稿状态问卷应禁止提交"},{"ancestorTitles":["答案模块 - POST /api/answers/submit"],"duration":5,"failing":false,"failureDetails":[],"failureMessages":[],"fullName":"答案模块 - POST /api/answers/submit F-001 不存在的问卷应返回 404","invocations":1,"location":null,"numPassingAsserts":1,"retryReasons":[],"startAt":1784220631960,"status":"passed","title":"F-001 不存在的问卷应返回 404"},{"ancestorTitles":["答案模块 - POST /api/answers/submit"],"duration":19,"failing":false,"failureDetails":[],"failureMessages":[],"fullName":"答案模块 - POST /api/answers/submit F-001 未指定 source/device 时应使用默认值","invocations":1,"location":null,"numPassingAsserts":1,"retryReasons":[],"startAt":1784220631965,"status":"passed","title":"F-001 未指定 source/device 时应使用默认值"},{"ancestorTitles":["答案模块 - GET /api/answers/:questionnaireId"],"duration":43,"failing":false,"failureDetails":[],"failureMessages":[],"fullName":"答案模块 - GET /api/answers/:questionnaireId D-001 应返回分页答案列表","invocations":1,"location":null,"numPassingAsserts":4,"retryReasons":[],"startAt":1784220631984,"status":"passed","title":"D-001 应返回分页答案列表"},{"ancestorTitles":["答案模块 - GET /api/answers/:questionnaireId"],"duration":47,"failing":false,"failureDetails":[],"failureMessages":[],"fullName":"答案模块 - GET /api/answers/:questionnaireId D-001 支持分页参数","invocations":1,"location":null,"numPassingAsserts":2,"retryReasons":[],"startAt":1784220632027,"status":"passed","title":"D-001 支持分页参数"},{"ancestorTitles":["答案模块 - GET /api/answers/:questionnaireId"],"duration":18,"failing":false,"failureDetails":[],"failureMessages":[],"fullName":"答案模块 - GET /api/answers/:questionnaireId D-001 未登录应返回 401","invocations":1,"location":null,"numPassingAsserts":1,"retryReasons":[],"startAt":1784220632074,"status":"passed","title":"D-001 未登录应返回 401"},{"ancestorTitles":["答案模块 - GET /api/answers/:questionnaireId/:answerId"],"duration":21,"failing":false,"failureDetails":[],"failureMessages":[],"fullName":"答案模块 - GET /api/answers/:questionnaireId/:answerId D-002 应返回指定答案详情","invocations":1,"location":null,"numPassingAsserts":4,"retryReasons":[],"startAt":1784220632092,"status":"passed","title":"D-002 应返回指定答案详情"},{"ancestorTitles":["答案模块 - GET /api/answers/:questionnaireId/:answerId"],"duration":14,"failing":false,"failureDetails":[],"failureMessages":[],"fullName":"答案模块 - GET /api/answers/:questionnaireId/:answerId D-002 不存在的答案应返回 404","invocations":1,"location":null,"numPassingAsserts":1,"retryReasons":[],"startAt":1784220632114,"status":"passed","title":"D-002 不存在的答案应返回 404"},{"ancestorTitles":["答案模块 - GET /api/answers/statistics/:questionnaireId"],"duration":31,"failing":false,"failureDetails":[],"failureMessages":[],"fullName":"答案模块 - GET /api/answers/statistics/:questionnaireId D-003 应返回基础统计数据（总数/来源/设备/时长）","invocations":1,"location":null,"numPassingAsserts":6,"retryReasons":[],"startAt":1784220632128,"status":"passed","title":"D-003 应返回基础统计数据（总数/来源/设备/时长）"},{"ancestorTitles":["答案模块 - GET /api/answers/statistics/:questionnaireId"],"duration":20,"failing":false,"failureDetails":[],"failureMessages":[],"fullName":"答案模块 - GET /api/answers/statistics/:questionnaireId D-003 无答案问卷统计应返回 0","invocations":1,"location":null,"numPassingAsserts":2,"retryReasons":[],"startAt":1784220632159,"status":"passed","title":"D-003 无答案问卷统计应返回 0"},{"ancestorTitles":["答案模块 - GET /api/answers/statistics/:questionnaireId"],"duration":4,"failing":false,"failureDetails":[],"failureMessages":[],"fullName":"答案模块 - GET /api/answers/statistics/:questionnaireId D-003 不存在的问卷应返回 404","invocations":1,"location":null,"numPassingAsserts":1,"retryReasons":[],"startAt":1784220632179,"status":"passed","title":"D-003 不存在的问卷应返回 404"},{"ancestorTitles":["答案模块 - GET /api/answers/statistics/:questionnaireId"],"duration":13,"failing":false,"failureDetails":[],"failureMessages":[],"fullName":"答案模块 - GET /api/answers/statistics/:questionnaireId D-003 统计接口需登录认证","invocations":1,"location":null,"numPassingAsserts":1,"retryReasons":[],"startAt":1784220632184,"status":"passed","title":"D-003 统计接口需登录认证"}],"endTime":1784220632231,"message":"","name":"/workspace/backend/test/answer.test.ts","startTime":1784220630046,"status":"passed","summary":""},{"assertionResults":[{"ancestorTitles":["认证模块 - POST /api/auth/register"],"duration":112,"failing":false,"failureDetails":[],"failureMessages":[],"fullName":"认证模块 - POST /api/auth/register U-001 应成功注册新用户，返回 token 和用户信息","invocations":1,"location":null,"numPassingAsserts":7,"retryReasons":[],"startAt":1784220632358,"status":"passed","title":"U-001 应成功注册新用户，返回 token 和用户信息"},{"ancestorTitles":["认证模块 - POST /api/auth/register"],"duration":31,"failing":false,"failureDetails":[],"failureMessages":[],"fullName":"认证模块 - POST /api/auth/register U-001 缺少用户名应返回 500 错误","invocations":1,"location":null,"numPassingAsserts":2,"retryReasons":[],"startAt":1784220632470,"status":"passed","title":"U-001 缺少用户名应返回 500 错误"},{"ancestorTitles":["认证模块 - POST /api/auth/register"],"duration":175,"failing":false,"failureDetails":[],"failureMessages":[],"fullName":"认证模块 - POST /api/auth/register U-001 重复用户名应返回 400 错误","invocations":1,"location":null,"numPassingAsserts":3,"retryReasons":[],"startAt":1784220632502,"status":"passed","title":"U-001 重复用户名应返回 400 错误"},{"ancestorTitles":["认证模块 - POST /api/auth/register"],"duration":173,"failing":false,"failureDetails":[],"failureMessages":[],"fullName":"认证模块 - POST /api/auth/register U-001 重复邮箱应返回 400 错误","invocations":1,"location":null,"numPassingAsserts":2,"retryReasons":[],"startAt":1784220632677,"status":"passed","title":"U-001 重复邮箱应返回 400 错误"},{"ancestorTitles":["认证模块 - POST /api/auth/login"],"duration":257,"failing":false,"failureDetails":[],"failureMessages":[],"fullName":"认证模块 - POST /api/auth/login U-002 正确用户名密码应登录成功并返回 token","invocations":1,"location":null,"numPassingAsserts":4,"retryReasons":[],"startAt":1784220632851,"status":"passed","title":"U-002 正确用户名密码应登录成功并返回 token"},{"ancestorTitles":["认证模块 - POST /api/auth/login"],"duration":254,"failing":false,"failureDetails":[],"failureMessages":[],"fullName":"认证模块 - POST /api/auth/login U-002 密码错误应返回 401","invocations":1,"location":null,"numPassingAsserts":3,"retryReasons":[],"startAt":1784220633108,"status":"passed","title":"U-002 密码错误应返回 401"},{"ancestorTitles":["认证模块 - POST /api/auth/login"],"duration":174,"failing":false,"failureDetails":[],"failureMessages":[],"fullName":"认证模块 - POST /api/auth/login U-002 不存在的用户应返回 401","invocations":1,"location":null,"numPassingAsserts":2,"retryReasons":[],"startAt":1784220633362,"status":"passed","title":"U-002 不存在的用户应返回 401"},{"ancestorTitles":["认证模块 - GET /api/auth/profile"],"duration":174,"failing":false,"failureDetails":[],"failureMessages":[],"fullName":"认证模块 - GET /api/auth/profile U-005 携带有效 token 应返回当前用户信息","invocations":1,"location":null,"numPassingAsserts":4,"retryReasons":[],"startAt":1784220633537,"status":"passed","title":"U-005 携带有效 token 应返回当前用户信息"},{"ancestorTitles":["认证模块 - GET /api/auth/profile"],"duration":4,"failing":false,"failureDetails":[],"failureMessages":[],"fullName":"认证模块 - GET /api/auth/profile U-004 未携带 token 应返回 401","invocations":1,"location":null,"numPassingAsserts":3,"retryReasons":[],"startAt":1784220633711,"status":"passed","title":"U-004 未携带 token 应返回 401"},{"ancestorTitles":["认证模块 - GET /api/auth/profile"],"duration":4,"failing":false,"failureDetails":[],"failureMessages":[],"fullName":"认证模块 - GET /api/auth/profile U-004 携带无效 token 应返回 401","invocations":1,"location":null,"numPassingAsserts":2,"retryReasons":[],"startAt":1784220633715,"status":"passed","title":"U-004 携带无效 token 应返回 401"},{"ancestorTitles":["认证模块 - GET /api/auth/profile"],"duration":3,"failing":false,"failureDetails":[],"failureMessages":[],"fullName":"认证模块 - GET /api/auth/profile U-004 token 格式错误（非 Bearer）应返回 401","invocations":1,"location":null,"numPassingAsserts":2,"retryReasons":[],"startAt":1784220633719,"status":"passed","title":"U-004 token 格式错误（非 Bearer）应返回 401"},{"ancestorTitles":["基础设施 - 健康检查与 404"],"duration":4,"failing":false,"failureDetails":[],"failureMessages":[],"fullName":"基础设施 - 健康检查与 404 GET /health 应返回服务状态","invocations":1,"location":null,"numPassingAsserts":4,"retryReasons":[],"startAt":1784220633722,"status":"passed","title":"GET /health 应返回服务状态"},{"ancestorTitles":["基础设施 - 健康检查与 404"],"duration":3,"failing":false,"failureDetails":[],"failureMessages":[],"fullName":"基础设施 - 健康检查与 404 GET 不存在的路由应返回 404","invocations":1,"location":null,"numPassingAsserts":2,"retryReasons":[],"startAt":1784220633726,"status":"passed","title":"GET 不存在的路由应返回 404"}],"endTime":1784220633753,"message":"","name":"/workspace/backend/test/auth.test.ts","startTime":1784220632241,"status":"passed","summary":""},{"assertionResults":[{"ancestorTitles":["问卷管理 - POST /api/questionnaires"],"duration":12,"failing":false,"failureDetails":[],"failureMessages":[],"fullName":"问卷管理 - POST /api/questionnaires Q-003 应成功创建问卷，状态为 draft","invocations":1,"location":null,"numPassingAsserts":6,"retryReasons":[],"startAt":1784220634230,"status":"passed","title":"Q-003 应成功创建问卷，状态为 draft"},{"ancestorTitles":["问卷管理 - POST /api/questionnaires"],"duration":4,"failing":false,"failureDetails":[],"failureMessages":[],"fullName":"问卷管理 - POST /api/questionnaires Q-003 未登录应返回 401","invocations":1,"location":null,"numPassingAsserts":1,"retryReasons":[],"startAt":1784220634242,"status":"passed","title":"Q-003 未登录应返回 401"},{"ancestorTitles":["问卷管理 - POST /api/questionnaires"],"duration":27,"failing":false,"failureDetails":[],"failureMessages":[],"fullName":"问卷管理 - POST /api/questionnaires Q-003 缺少标题应创建失败","invocations":1,"location":null,"numPassingAsserts":2,"retryReasons":[],"startAt":1784220634246,"status":"passed","title":"Q-003 缺少标题应创建失败"},{"ancestorTitles":["问卷管理 - GET /api/questionnaires"],"duration":25,"failing":false,"failureDetails":[],"failureMessages":[],"fullName":"问卷管理 - GET /api/questionnaires Q-001 应返回分页列表","invocations":1,"location":null,"numPassingAsserts":5,"retryReasons":[],"startAt":1784220634274,"status":"passed","title":"Q-001 应返回分页列表"},{"ancestorTitles":["问卷管理 - GET /api/questionnaires"],"duration":24,"failing":false,"failureDetails":[],"failureMessages":[],"fullName":"问卷管理 - GET /api/questionnaires Q-001 支持按关键词搜索","invocations":1,"location":null,"numPassingAsserts":3,"retryReasons":[],"startAt":1784220634299,"status":"passed","title":"Q-001 支持按关键词搜索"},{"ancestorTitles":["问卷管理 - GET /api/questionnaires"],"duration":22,"failing":false,"failureDetails":[],"failureMessages":[],"fullName":"问卷管理 - GET /api/questionnaires Q-001 支持分页参数","invocations":1,"location":null,"numPassingAsserts":2,"retryReasons":[],"startAt":1784220634324,"status":"passed","title":"Q-001 支持分页参数"},{"ancestorTitles":["问卷管理 - GET /api/questionnaires"],"duration":20,"failing":false,"failureDetails":[],"failureMessages":[],"fullName":"问卷管理 - GET /api/questionnaires Q-001 支持状态筛选","invocations":1,"location":null,"numPassingAsserts":2,"retryReasons":[],"startAt":1784220634346,"status":"passed","title":"Q-001 支持状态筛选"},{"ancestorTitles":["问卷管理 - GET /api/questionnaires"],"duration":21,"failing":false,"failureDetails":[],"failureMessages":[],"fullName":"问卷管理 - GET /api/questionnaires Q-001 未登录应返回 401","invocations":1,"location":null,"numPassingAsserts":1,"retryReasons":[],"startAt":1784220634366,"status":"passed","title":"Q-001 未登录应返回 401"},{"ancestorTitles":["问卷管理 - GET /api/questionnaires/:id"],"duration":11,"failing":false,"failureDetails":[],"failureMessages":[],"fullName":"问卷管理 - GET /api/questionnaires/:id Q-002 应返回指定问卷详情","invocations":1,"location":null,"numPassingAsserts":3,"retryReasons":[],"startAt":1784220634388,"status":"passed","title":"Q-002 应返回指定问卷详情"},{"ancestorTitles":["问卷管理 - GET /api/questionnaires/:id"],"duration":4,"failing":false,"failureDetails":[],"failureMessages":[],"fullName":"问卷管理 - GET /api/questionnaires/:id Q-002 不存在的 ID 应返回 404","invocations":1,"location":null,"numPassingAsserts":2,"retryReasons":[],"startAt":1784220634399,"status":"passed","title":"Q-002 不存在的 ID 应返回 404"},{"ancestorTitles":["问卷管理 - GET /api/questionnaires/public/:id"],"duration":15,"failing":false,"failureDetails":[],"failureMessages":[],"fullName":"问卷管理 - GET /api/questionnaires/public/:id Q-008 应允许未登录用户访问已发布问卷","invocations":1,"location":null,"numPassingAsserts":3,"retryReasons":[],"startAt":1784220634404,"status":"passed","title":"Q-008 应允许未登录用户访问已发布问卷"},{"ancestorTitles":["问卷管理 - GET /api/questionnaires/public/:id"],"duration":11,"failing":false,"failureDetails":[],"failureMessages":[],"fullName":"问卷管理 - GET /api/questionnaires/public/:id Q-008 草稿状态问卷公开访问仍可读取（接口未限制状态）","invocations":1,"location":null,"numPassingAsserts":1,"retryReasons":[],"startAt":1784220634420,"status":"passed","title":"Q-008 草稿状态问卷公开访问仍可读取（接口未限制状态）"},{"ancestorTitles":["问卷管理 - GET /api/questionnaires/public/:id"],"duration":4,"failing":false,"failureDetails":[],"failureMessages":[],"fullName":"问卷管理 - GET /api/questionnaires/public/:id Q-008 不存在的问卷应返回 404","invocations":1,"location":null,"numPassingAsserts":1,"retryReasons":[],"startAt":1784220634431,"status":"passed","title":"Q-008 不存在的问卷应返回 404"},{"ancestorTitles":["问卷管理 - PUT /api/questionnaires/:id"],"duration":11,"failing":false,"failureDetails":[],"failureMessages":[],"fullName":"问卷管理 - PUT /api/questionnaires/:id Q-004 草稿状态应允许更新","invocations":1,"location":null,"numPassingAsserts":3,"retryReasons":[],"startAt":1784220634435,"status":"passed","title":"Q-004 草稿状态应允许更新"},{"ancestorTitles":["问卷管理 - PUT /api/questionnaires/:id"],"duration":13,"failing":false,"failureDetails":[],"failureMessages":[],"fullName":"问卷管理 - PUT /api/questionnaires/:id Q-004 已发布问卷应禁止更新","invocations":1,"location":null,"numPassingAsserts":2,"retryReasons":[],"startAt":1784220634446,"status":"passed","title":"Q-004 已发布问卷应禁止更新"},{"ancestorTitles":["问卷管理 - DELETE /api/questionnaires/:id"],"duration":13,"failing":false,"failureDetails":[],"failureMessages":[],"fullName":"问卷管理 - DELETE /api/questionnaires/:id Q-005 应成功删除问卷","invocations":1,"location":null,"numPassingAsserts":3,"retryReasons":[],"startAt":1784220634459,"status":"passed","title":"Q-005 应成功删除问卷"},{"ancestorTitles":["问卷管理 - DELETE /api/questionnaires/:id"],"duration":4,"failing":false,"failureDetails":[],"failureMessages":[],"fullName":"问卷管理 - DELETE /api/questionnaires/:id Q-005 删除不存在的问卷应返回 404","invocations":1,"location":null,"numPassingAsserts":1,"retryReasons":[],"startAt":1784220634472,"status":"passed","title":"Q-005 删除不存在的问卷应返回 404"},{"ancestorTitles":["问卷管理 - 发布与关闭状态机"],"duration":11,"failing":false,"failureDetails":[],"failureMessages":[],"fullName":"问卷管理 - 发布与关闭状态机 Q-006 草稿问卷应能发布，状态变为 published","invocations":1,"location":null,"numPassingAsserts":3,"retryReasons":[],"startAt":1784220634477,"status":"passed","title":"Q-006 草稿问卷应能发布，状态变为 published"},{"ancestorTitles":["问卷管理 - 发布与关闭状态机"],"duration":13,"failing":false,"failureDetails":[],"failureMessages":[],"fullName":"问卷管理 - 发布与关闭状态机 Q-006 已发布问卷不能再次发布","invocations":1,"location":null,"numPassingAsserts":2,"retryReasons":[],"startAt":1784220634488,"status":"passed","title":"Q-006 已发布问卷不能再次发布"},{"ancestorTitles":["问卷管理 - 发布与关闭状态机"],"duration":15,"failing":false,"failureDetails":[],"failureMessages":[],"fullName":"问卷管理 - 发布与关闭状态机 Q-007 已发布问卷应能关闭，状态变为 closed","invocations":1,"location":null,"numPassingAsserts":3,"retryReasons":[],"startAt":1784220634501,"status":"passed","title":"Q-007 已发布问卷应能关闭，状态变为 closed"},{"ancestorTitles":["问卷管理 - 发布与关闭状态机"],"duration":9,"failing":false,"failureDetails":[],"failureMessages":[],"fullName":"问卷管理 - 发布与关闭状态机 Q-007 草稿问卷不能直接关闭","invocations":1,"location":null,"numPassingAsserts":2,"retryReasons":[],"startAt":1784220634516,"status":"passed","title":"Q-007 草稿问卷不能直接关闭"},{"ancestorTitles":["问卷管理 - POST /api/questionnaires/import"],"duration":7,"failing":false,"failureDetails":[],"failureMessages":[],"fullName":"问卷管理 - POST /api/questionnaires/import Q-009 应成功导入合法 JSON 问卷","invocations":1,"location":null,"numPassingAsserts":3,"retryReasons":[],"startAt":1784220634525,"status":"passed","title":"Q-009 应成功导入合法 JSON 问卷"},{"ancestorTitles":["问卷管理 - POST /api/questionnaires/import"],"duration":5,"failing":false,"failureDetails":[],"failureMessages":[],"fullName":"问卷管理 - POST /api/questionnaires/import Q-009 标题为空应返回 400","invocations":1,"location":null,"numPassingAsserts":2,"retryReasons":[],"startAt":1784220634532,"status":"passed","title":"Q-009 标题为空应返回 400"},{"ancestorTitles":["问卷管理 - POST /api/questionnaires/import"],"duration":3,"failing":false,"failureDetails":[],"failureMessages":[],"fullName":"问卷管理 - POST /api/questionnaires/import Q-009 questions 非数组应返回 400","invocations":1,"location":null,"numPassingAsserts":2,"retryReasons":[],"startAt":1784220634537,"status":"passed","title":"Q-009 questions 非数组应返回 400"},{"ancestorTitles":["问卷管理 - POST /api/questionnaires/import"],"duration":3,"failing":false,"failureDetails":[],"failureMessages":[],"fullName":"问卷管理 - POST /api/questionnaires/import Q-009 选择题选项少于 2 个应返回 400","invocations":1,"location":null,"numPassingAsserts":2,"retryReasons":[],"startAt":1784220634540,"status":"passed","title":"Q-009 选择题选项少于 2 个应返回 400"},{"ancestorTitles":["问卷管理 - POST /api/questionnaires/import"],"duration":5,"failing":false,"failureDetails":[],"failureMessages":[],"fullName":"问卷管理 - POST /api/questionnaires/import Q-009 无效题型应返回 400","invocations":1,"location":null,"numPassingAsserts":2,"retryReasons":[],"startAt":1784220634543,"status":"passed","title":"Q-009 无效题型应返回 400"}],"endTime":1784220634569,"message":"","name":"/workspace/backend/test/questionnaire.test.ts","startTime":1784220633757,"status":"passed","summary":""},{"assertionResults":[{"ancestorTitles":["模板模块 - POST /api/templates/init"],"duration":22,"failing":false,"failureDetails":[],"failureMessages":[],"fullName":"模板模块 - POST /api/templates/init T-002 应成功初始化预设模板","invocations":1,"location":null,"numPassingAsserts":3,"retryReasons":[],"startAt":1784220634874,"status":"passed","title":"T-002 应成功初始化预设模板"},{"ancestorTitles":["模板模块 - POST /api/templates/init"],"duration":16,"failing":false,"failureDetails":[],"failureMessages":[],"fullName":"模板模块 - POST /api/templates/init T-002 重复初始化应返回已存在","invocations":1,"location":null,"numPassingAsserts":2,"retryReasons":[],"startAt":1784220634897,"status":"passed","title":"T-002 重复初始化应返回已存在"},{"ancestorTitles":["模板模块 - POST /api/templates/init"],"duration":3,"failing":false,"failureDetails":[],"failureMessages":[],"fullName":"模板模块 - POST /api/templates/init T-002 未登录应返回 401","invocations":1,"location":null,"numPassingAsserts":1,"retryReasons":[],"startAt":1784220634913,"status":"passed","title":"T-002 未登录应返回 401"},{"ancestorTitles":["模板模块 - GET /api/templates"],"duration":20,"failing":false,"failureDetails":[],"failureMessages":[],"fullName":"模板模块 - GET /api/templates T-003 应返回所有模板（公开访问）","invocations":1,"location":null,"numPassingAsserts":3,"retryReasons":[],"startAt":1784220634917,"status":"passed","title":"T-003 应返回所有模板（公开访问）"},{"ancestorTitles":["模板模块 - GET /api/templates"],"duration":22,"failing":false,"failureDetails":[],"failureMessages":[],"fullName":"模板模块 - GET /api/templates T-003 支持按分类筛选","invocations":1,"location":null,"numPassingAsserts":3,"retryReasons":[],"startAt":1784220634937,"status":"passed","title":"T-003 支持按分类筛选"},{"ancestorTitles":["模板模块 - GET /api/templates"],"duration":17,"failing":false,"failureDetails":[],"failureMessages":[],"fullName":"模板模块 - GET /api/templates T-003 无需登录即可访问","invocations":1,"location":null,"numPassingAsserts":1,"retryReasons":[],"startAt":1784220634959,"status":"passed","title":"T-003 无需登录即可访问"},{"ancestorTitles":["模板模块 - GET /api/templates/:id"],"duration":20,"failing":false,"failureDetails":[],"failureMessages":[],"fullName":"模板模块 - GET /api/templates/:id T-004 应返回指定模板详情","invocations":1,"location":null,"numPassingAsserts":5,"retryReasons":[],"startAt":1784220634976,"status":"passed","title":"T-004 应返回指定模板详情"},{"ancestorTitles":["模板模块 - GET /api/templates/:id"],"duration":6,"failing":false,"failureDetails":[],"failureMessages":[],"fullName":"模板模块 - GET /api/templates/:id T-004 不存在的模板应返回 404","invocations":1,"location":null,"numPassingAsserts":2,"retryReasons":[],"startAt":1784220634996,"status":"passed","title":"T-004 不存在的模板应返回 404"},{"ancestorTitles":["模板模块 - POST /api/templates/:id/create"],"duration":45,"failing":false,"failureDetails":[],"failureMessages":[],"fullName":"模板模块 - POST /api/templates/:id/create T-005 应基于模板成功创建问卷","invocations":1,"location":null,"numPassingAsserts":7,"retryReasons":[],"startAt":1784220635002,"status":"passed","title":"T-005 应基于模板成功创建问卷"},{"ancestorTitles":["模板模块 - POST /api/templates/:id/create"],"duration":29,"failing":false,"failureDetails":[],"failureMessages":[],"fullName":"模板模块 - POST /api/templates/:id/create T-005 不传 title 时应使用模板默认标题","invocations":1,"location":null,"numPassingAsserts":2,"retryReasons":[],"startAt":1784220635047,"status":"passed","title":"T-005 不传 title 时应使用模板默认标题"},{"ancestorTitles":["模板模块 - POST /api/templates/:id/create"],"duration":31,"failing":false,"failureDetails":[],"failureMessages":[],"fullName":"模板模块 - POST /api/templates/:id/create T-005 创建后应将模板使用次数 +1","invocations":1,"location":null,"numPassingAsserts":1,"retryReasons":[],"startAt":1784220635076,"status":"passed","title":"T-005 创建后应将模板使用次数 +1"},{"ancestorTitles":["模板模块 - POST /api/templates/:id/create"],"duration":18,"failing":false,"failureDetails":[],"failureMessages":[],"fullName":"模板模块 - POST /api/templates/:id/create T-005 未登录应返回 401","invocations":1,"location":null,"numPassingAsserts":1,"retryReasons":[],"startAt":1784220635107,"status":"passed","title":"T-005 未登录应返回 401"},{"ancestorTitles":["模板模块 - POST /api/templates/:id/create"],"duration":4,"failing":false,"failureDetails":[],"failureMessages":[],"fullName":"模板模块 - POST /api/templates/:id/create T-005 不存在的模板应返回 404","invocations":1,"location":null,"numPassingAsserts":1,"retryReasons":[],"startAt":1784220635126,"status":"passed","title":"T-005 不存在的模板应返回 404"}],"endTime":1784220635133,"message":"","name":"/workspace/backend/test/template.test.ts","startTime":1784220634577,"status":"passed","summary":""}],"wasInterrupted":false}
